------- FILE cleanMem.asm LEVEL 1 PASS 1
      1  0000					      processor	6502
      2  0000 ????				      seg	code
      3  f000					      org	$F000
      4  f000
      5  f000				   Start
      6  f000		       78		      sei
      7  f001		       d8		      cld
      8  f002		       a2 ff		      ldx	#$FF
      9  f004		       9a		      txs
     10  f005
     11  f005		       a9 00		      lda	#0
     12  f007		       a2 ff		      ldx	#$FF
     13  f009		       85 ff		      sta	$FF
     14  f00b
     15  f00b				   memLoop
     16  f00b		       ca		      dex
     17  f00c		       95 00		      sta	0,X
     18  f00e		       d0 fb		      bne	memLoop
     19  f010
     20  fffc					      org	$FFFC
     21  fffc		       00 f0		      .word.w	Start
     22  fffe		       00 f0		      .word.w	Start
     23  10000
